<?xml version="1.0" encoding="UTF-8"?>
<!-- Generated by org.testng.reporters.JUnitReportReporter -->
<testsuite skipped="0" hostname="LAPTOP-KN9SLF1J" name="org.trest.A" tests="3" failures="0" timestamp="07 Mar 2022 05:56:17 GMT" time="11.640" errors="0">
  <testcase name="tc02" time="3.317" classname="org.trest.A"/>
  <testcase name="tc0" time="4.436" classname="org.trest.A"/>
  <testcase name="tc03" time="3.887" classname="org.trest.A"/>
</testsuite> <!-- org.trest.A -->
